Using pre-set license
Built from '2020.2/release' branch; Version is '2020.2.2f1 (068178b99f32) revision 426360'; Using compiler version '192528614'; Build Type 'Release'
OS: 'Windows 10 Home; OS build 19041.804; Version 2004; 64bit' Language: 'en' Physical Memory: 8075 MB
BatchMode: 1, IsHumanControllingUs: 0, StartBugReporterOnCrash: 0, Is64bit: 1, IsPro: 0

 COMMAND LINE ARGUMENTS:
C:\Program Files\Unity\Hub\Editor\2020.2.2f1\Editor\Unity.exe
-adb2
-batchMode
-noUpm
-name
AssetImportWorker0
-projectPath
C:/Users/baby_/Documents/ProgAplicada/tic-tac-toe-client-master
-logFile
Logs/AssetImportWorker0.log
-srvPort
50805
Successfully changed project path to: C:/Users/baby_/Documents/ProgAplicada/tic-tac-toe-client-master
C:/Users/baby_/Documents/ProgAplicada/tic-tac-toe-client-master
Using Asset Import Pipeline V2.
Refreshing native plugins compatible for Editor in 66.43 ms, found 0 plugins.
Preloading 0 native plugins for Editor in 0.00 ms.
Initialize engine version: 2020.2.2f1 (068178b99f32)
[Subsystems] Discovering subsystems at path C:/Program Files/Unity/Hub/Editor/2020.2.2f1/Editor/Data/Resources/UnitySubsystems
[Subsystems] Discovering subsystems at path C:/Users/baby_/Documents/ProgAplicada/tic-tac-toe-client-master/Assets
GfxDevice: creating device client; threaded=0
Direct3D:
    Version:  Direct3D 11.0 [level 11.1]
    Renderer: Intel(R) HD Graphics 620 (ID=0x5916)
    Vendor:   
    VRAM:     4037 MB
    Driver:   22.20.16.4815
Initialize mono
Mono path[0] = 'C:/Program Files/Unity/Hub/Editor/2020.2.2f1/Editor/Data/Managed'
Mono path[1] = 'C:/Program Files/Unity/Hub/Editor/2020.2.2f1/Editor/Data/MonoBleedingEdge/lib/mono/unityjit'
Mono config path = 'C:/Program Files/Unity/Hub/Editor/2020.2.2f1/Editor/Data/MonoBleedingEdge/etc'
Using monoOptions --debugger-agent=transport=dt_socket,embedding=1,server=y,suspend=n,address=127.0.0.1:56276
Begin MonoManager ReloadAssembly
Registering precompiled unity dll's ...
Register platform support module: C:/Program Files/Unity/Hub/Editor/2020.2.2f1/Editor/Data/PlaybackEngines/WindowsStandaloneSupport/UnityEditor.WindowsStandalone.Extensions.dll
Registered in 0.003353 seconds.
Native extension for WindowsStandalone target not found
Refreshing native plugins compatible for Editor in 45.41 ms, found 0 plugins.
Preloading 0 native plugins for Editor in 0.00 ms.
Invoked RoslynAnalysisRunner static constructor.
RoslynAnalysisRunner will not be running.
RoslynAnalysisRunner has terminated.
Mono: successfully reloaded assembly
- Completed reload, in  1.862 seconds
Platform modules already initialized, skipping
Registering precompiled user dll's ...
Registered in 0.004005 seconds.
Begin MonoManager ReloadAssembly
Native extension for WindowsStandalone target not found
Refreshing native plugins compatible for Editor in 0.46 ms, found 0 plugins.
Preloading 0 native plugins for Editor in 0.00 ms.
Invoked RoslynAnalysisRunner static constructor.
RoslynAnalysisRunner will not be running.
RoslynAnalysisRunner has terminated.
Mono: successfully reloaded assembly
- Completed reload, in  1.201 seconds
Platform modules already initialized, skipping
========================================================================
Worker process is ready to serve import requests
Launched and connected shader compiler UnityShaderCompiler.exe after 0.11 seconds
Refreshing native plugins compatible for Editor in 0.76 ms, found 0 plugins.
Preloading 0 native plugins for Editor in 0.00 ms.
Unloading 1398 Unused Serialized files (Serialized files now loaded: 0)
System memory in use before: 66.1 MB.
System memory in use after: 66.2 MB.

Unloading 35 unused Assets to reduce memory usage. Loaded Objects now: 1826.
Total: 3.713300 ms (FindLiveObjects: 0.307400 ms CreateObjectMapping: 0.118200 ms MarkObjects: 3.151900 ms  DeleteObjects: 0.130100 ms)

========================================================================
Received Import Request.
  path: Assets/Scenes/SingleMatchScene.unity
  artifactKey: Guid(aacefae1b3144ba4d91363dc6e316b85) Importer(815301076,1909f56bfc062723c751e8b465ee728b)
Start importing Assets/Scenes/SingleMatchScene.unity using Guid(aacefae1b3144ba4d91363dc6e316b85) Importer(815301076,1909f56bfc062723c751e8b465ee728b)  -> (artifact id: '029bdfb86c28a71a0096c985af06a9c7') in 0.184437 seconds
  Import took 0.273904 seconds .

========================================================================
Received Import Request.
  Time since last request: 94.324733 seconds.
  path: Assets/Scenes/MainMenu.unity
  artifactKey: Guid(1cf83041ce04b24449fb3e9ca6d22881) Importer(815301076,1909f56bfc062723c751e8b465ee728b)
Start importing Assets/Scenes/MainMenu.unity using Guid(1cf83041ce04b24449fb3e9ca6d22881) Importer(815301076,1909f56bfc062723c751e8b465ee728b)  -> (artifact id: 'd4a3751742655bb3807acb68d5d46c8c') in 0.190490 seconds
  Import took 0.235013 seconds .

========================================================================
Received Import Request.
  Time since last request: 0.000797 seconds.
  path: Assets/Scenes/MainMenu.unity
  artifactKey: Guid(1cf83041ce04b24449fb3e9ca6d22881) Importer(815301076,1909f56bfc062723c751e8b465ee728b)
Start importing Assets/Scenes/MainMenu.unity using Guid(1cf83041ce04b24449fb3e9ca6d22881) Importer(815301076,1909f56bfc062723c751e8b465ee728b)  -> (artifact id: 'd4a3751742655bb3807acb68d5d46c8c') in 0.006127 seconds
  Import took 0.013113 seconds .

========================================================================
Received Import Request.
  Time since last request: 23.513936 seconds.
  path: Assets/Scenes/MainMenu.unity
  artifactKey: Guid(1cf83041ce04b24449fb3e9ca6d22881) Importer(815301076,1909f56bfc062723c751e8b465ee728b)
Start importing Assets/Scenes/MainMenu.unity using Guid(1cf83041ce04b24449fb3e9ca6d22881) Importer(815301076,1909f56bfc062723c751e8b465ee728b)  -> (artifact id: '852e9b8dc66354a896a85424fd24ec43') in 0.008684 seconds
  Import took 0.041152 seconds .

========================================================================
Received Import Request.
  Time since last request: 82.582873 seconds.
  path: Assets/Scenes/MainMenu.unity
  artifactKey: Guid(1cf83041ce04b24449fb3e9ca6d22881) Importer(815301076,1909f56bfc062723c751e8b465ee728b)
Start importing Assets/Scenes/MainMenu.unity using Guid(1cf83041ce04b24449fb3e9ca6d22881) Importer(815301076,1909f56bfc062723c751e8b465ee728b)  -> (artifact id: 'f22c2e15bfb94f81c4b5077b52e48361') in 0.011756 seconds
  Import took 0.190076 seconds .

========================================================================
Received Prepare
Registering precompiled user dll's ...
Registered in 0.003859 seconds.
Begin MonoManager ReloadAssembly
Native extension for WindowsStandalone target not found
Refreshing native plugins compatible for Editor in 0.47 ms, found 0 plugins.
Preloading 0 native plugins for Editor in 0.00 ms.
Invoked RoslynAnalysisRunner static constructor.
RoslynAnalysisRunner will not be running.
RoslynAnalysisRunner has terminated.
Mono: successfully reloaded assembly
- Completed reload, in  1.028 seconds
Platform modules already initialized, skipping
Refreshing native plugins compatible for Editor in 0.69 ms, found 0 plugins.
Preloading 0 native plugins for Editor in 0.00 ms.
Unloading 1381 Unused Serialized files (Serialized files now loaded: 0)
System memory in use before: 65.5 MB.
System memory in use after: 65.6 MB.

Unloading 26 unused Assets to reduce memory usage. Loaded Objects now: 1828.
Total: 2.498500 ms (FindLiveObjects: 0.401100 ms CreateObjectMapping: 0.090200 ms MarkObjects: 1.962200 ms  DeleteObjects: 0.042700 ms)

========================================================================
Received Import Request.
  Time since last request: 306.270967 seconds.
  path: Assets/Scenes/IntroScene.unity
  artifactKey: Guid(42e3eba05af1ab846b0f052dbb712a02) Importer(815301076,1909f56bfc062723c751e8b465ee728b)
Start importing Assets/Scenes/IntroScene.unity using Guid(42e3eba05af1ab846b0f052dbb712a02) Importer(815301076,1909f56bfc062723c751e8b465ee728b)  -> (artifact id: '646258cb636f265cdbacf10bdf648e78') in 0.034908 seconds
  Import took 0.062566 seconds .

========================================================================
Received Import Request.
  Time since last request: 1.205124 seconds.
  path: Assets/Scenes/IntroSceneSettings.lighting
  artifactKey: Guid(78a263f3480374c4e8f62d324243163b) Importer(815301076,1909f56bfc062723c751e8b465ee728b)
Start importing Assets/Scenes/IntroSceneSettings.lighting using Guid(78a263f3480374c4e8f62d324243163b) Importer(815301076,1909f56bfc062723c751e8b465ee728b)  -> (artifact id: 'b5fe6e9105d25fa74fd885a2f45b3bbe') in 0.196345 seconds
  Import took 0.361891 seconds .

========================================================================
Received Import Request.
  Time since last request: 0.385489 seconds.
  path: Assets/Scenes/IntroSceneSettings.lighting
  artifactKey: Guid(78a263f3480374c4e8f62d324243163b) Importer(815301076,1909f56bfc062723c751e8b465ee728b)
Start importing Assets/Scenes/IntroSceneSettings.lighting using Guid(78a263f3480374c4e8f62d324243163b) Importer(815301076,1909f56bfc062723c751e8b465ee728b)  -> (artifact id: 'b5fe6e9105d25fa74fd885a2f45b3bbe') in 0.017958 seconds
  Import took 0.029590 seconds .

========================================================================
Received Prepare
Registering precompiled user dll's ...
Registered in 0.004065 seconds.
Begin MonoManager ReloadAssembly
Native extension for WindowsStandalone target not found
Refreshing native plugins compatible for Editor in 0.49 ms, found 0 plugins.
Preloading 0 native plugins for Editor in 0.00 ms.
Invoked RoslynAnalysisRunner static constructor.
RoslynAnalysisRunner will not be running.
RoslynAnalysisRunner has terminated.
Mono: successfully reloaded assembly
- Completed reload, in  1.073 seconds
Platform modules already initialized, skipping
Refreshing native plugins compatible for Editor in 0.79 ms, found 0 plugins.
Preloading 0 native plugins for Editor in 0.00 ms.
Unloading 1381 Unused Serialized files (Serialized files now loaded: 0)
System memory in use before: 65.8 MB.
System memory in use after: 65.9 MB.

Unloading 26 unused Assets to reduce memory usage. Loaded Objects now: 1830.
Total: 3.545700 ms (FindLiveObjects: 0.349300 ms CreateObjectMapping: 0.145900 ms MarkObjects: 3.008200 ms  DeleteObjects: 0.039800 ms)

========================================================================
Received Prepare
Registering precompiled user dll's ...
Registered in 0.009016 seconds.
Begin MonoManager ReloadAssembly
Native extension for WindowsStandalone target not found
Refreshing native plugins compatible for Editor in 0.50 ms, found 0 plugins.
Preloading 0 native plugins for Editor in 0.00 ms.
Invoked RoslynAnalysisRunner static constructor.
RoslynAnalysisRunner will not be running.
RoslynAnalysisRunner has terminated.
Mono: successfully reloaded assembly
- Completed reload, in  1.352 seconds
Platform modules already initialized, skipping
Refreshing native plugins compatible for Editor in 1.13 ms, found 0 plugins.
Preloading 0 native plugins for Editor in 0.00 ms.
Unloading 1381 Unused Serialized files (Serialized files now loaded: 0)
System memory in use before: 66.0 MB.
System memory in use after: 66.1 MB.

Unloading 26 unused Assets to reduce memory usage. Loaded Objects now: 1832.
Total: 4.619700 ms (FindLiveObjects: 0.480700 ms CreateObjectMapping: 0.160200 ms MarkObjects: 3.914900 ms  DeleteObjects: 0.060300 ms)

========================================================================
Received Import Request.
  Time since last request: 411.519157 seconds.
  path: Assets/Scenes/IntroScene.unity
  artifactKey: Guid(42e3eba05af1ab846b0f052dbb712a02) Importer(815301076,1909f56bfc062723c751e8b465ee728b)
Start importing Assets/Scenes/IntroScene.unity using Guid(42e3eba05af1ab846b0f052dbb712a02) Importer(815301076,1909f56bfc062723c751e8b465ee728b)  -> (artifact id: 'c010790e1163b9eb93fd9b993df814c7') in 0.028344 seconds
  Import took 0.094960 seconds .

========================================================================
Received Prepare
Registering precompiled user dll's ...
Registered in 0.019683 seconds.
Begin MonoManager ReloadAssembly
Native extension for WindowsStandalone target not found
Refreshing native plugins compatible for Editor in 0.63 ms, found 0 plugins.
Preloading 0 native plugins for Editor in 0.00 ms.
Invoked RoslynAnalysisRunner static constructor.
RoslynAnalysisRunner will not be running.
RoslynAnalysisRunner has terminated.
Mono: successfully reloaded assembly
- Completed reload, in  1.014 seconds
Platform modules already initialized, skipping
Refreshing native plugins compatible for Editor in 0.49 ms, found 0 plugins.
Preloading 0 native plugins for Editor in 0.00 ms.
Unloading 1381 Unused Serialized files (Serialized files now loaded: 0)
System memory in use before: 66.3 MB.
System memory in use after: 66.4 MB.

Unloading 26 unused Assets to reduce memory usage. Loaded Objects now: 1834.
Total: 2.298800 ms (FindLiveObjects: 0.180500 ms CreateObjectMapping: 0.061500 ms MarkObjects: 2.027800 ms  DeleteObjects: 0.026700 ms)

========================================================================
Received Prepare
Refreshing native plugins compatible for Editor in 10.59 ms, found 0 plugins.
Preloading 0 native plugins for Editor in 0.00 ms.
Unloading 24 Unused Serialized files (Serialized files now loaded: 0)
System memory in use before: 39.8 MB.
System memory in use after: 39.9 MB.

Unloading 24 unused Assets to reduce memory usage. Loaded Objects now: 1834.
Total: 3.843700 ms (FindLiveObjects: 0.253600 ms CreateObjectMapping: 0.081800 ms MarkObjects: 3.467800 ms  DeleteObjects: 0.037500 ms)

========================================================================
Received Prepare
Registering precompiled user dll's ...
Registered in 0.048314 seconds.
Begin MonoManager ReloadAssembly
Native extension for WindowsStandalone target not found
Refreshing native plugins compatible for Editor in 2.02 ms, found 0 plugins.
Preloading 0 native plugins for Editor in 0.00 ms.
Invoked RoslynAnalysisRunner static constructor.
RoslynAnalysisRunner will not be running.
RoslynAnalysisRunner has terminated.
Mono: successfully reloaded assembly
- Completed reload, in  6.626 seconds
Platform modules already initialized, skipping
Refreshing native plugins compatible for Editor in 2.41 ms, found 0 plugins.
Preloading 0 native plugins for Editor in 0.00 ms.
Unloading 1381 Unused Serialized files (Serialized files now loaded: 0)
System memory in use before: 66.9 MB.
System memory in use after: 67.0 MB.

Unloading 26 unused Assets to reduce memory usage. Loaded Objects now: 1836.
Total: 10.173300 ms (FindLiveObjects: 0.442900 ms CreateObjectMapping: 0.196200 ms MarkObjects: 9.397600 ms  DeleteObjects: 0.086800 ms)

========================================================================
Received Import Request.
  Time since last request: 798.371807 seconds.
  path: Assets/Scenes/MatchScene.unity
  artifactKey: Guid(4c25a14ff59dfcc4e82e3a4aea398f7c) Importer(815301076,1909f56bfc062723c751e8b465ee728b)
Start importing Assets/Scenes/MatchScene.unity using Guid(4c25a14ff59dfcc4e82e3a4aea398f7c) Importer(815301076,1909f56bfc062723c751e8b465ee728b)  -> (artifact id: '1d971cff9a58cadd7354845c109cafd7') in 0.054674 seconds
  Import took 0.075041 seconds .

========================================================================
Received Import Request.
  Time since last request: 163.499279 seconds.
  path: Assets/Scenes/MatchScene.unity
  artifactKey: Guid(4c25a14ff59dfcc4e82e3a4aea398f7c) Importer(815301076,1909f56bfc062723c751e8b465ee728b)
Start importing Assets/Scenes/MatchScene.unity using Guid(4c25a14ff59dfcc4e82e3a4aea398f7c) Importer(815301076,1909f56bfc062723c751e8b465ee728b)  -> (artifact id: 'b591a820b505173f4fa0403d4e6fb340') in 0.016756 seconds
  Import took 1.082455 seconds .

AssetImportWorkerClient::OnTransportError - code=2 error=End of file
